C:\Users\medve\Desktop\projecto\projecto\wwwroot\ts\components.js
C:\Users\medve\Desktop\projecto\projecto\wwwroot\ts\components.js.map
C:\Users\medve\Desktop\projecto\projecto\wwwroot\js\components\components.js
C:\Users\medve\Desktop\projecto\projecto\wwwroot\js\components\components.js.map
C:\Users\medve\Desktop\projecto\projecto\wwwroot\compiled\diagram.js
C:\Users\medve\Desktop\projecto\projecto\wwwroot\compiled\diagram.js.map
C:\Users\medve\Desktop\projecto\projecto\wwwroot\compiled\diagram.js
C:\Users\medve\Desktop\projecto\projecto\wwwroot\compiled\diagram.js.map
C:\Users\medve\Desktop\projecto\projecto\wwwroot\compiled\diagram.js
C:\Users\medve\Desktop\projecto\projecto\wwwroot\compiled\diagram.js.map
C:\Users\medve\Desktop\projecto\projecto\wwwroot\compiled\diagram.js
C:\Users\medve\Desktop\projecto\projecto\wwwroot\compiled\diagram.js.map
C:\Users\medve\Desktop\projecto\projecto\wwwroot\compiled\diagram.js
C:\Users\medve\Desktop\projecto\projecto\wwwroot\compiled\diagram.js.map
C:\Users\medve\Desktop\projecto\projecto\wwwroot\compiled\diagram.js
C:\Users\medve\Desktop\projecto\projecto\wwwroot\compiled\diagram.js.map
C:\Users\medve\Desktop\projecto\projecto\wwwroot\compiled\diagram.js
C:\Users\medve\Desktop\projecto\projecto\wwwroot\compiled\diagram.js.map
C:\Users\medve\Desktop\projecto\projecto\wwwroot\compiled\diagram.js
C:\Users\medve\Desktop\projecto\projecto\wwwroot\compiled\diagram.js.map
